<?xml version="1.0" encoding="UTF-8"?>
<!-- Generated by org.testng.reporters.JUnitReportReporter -->
<testsuite hostname="AMALITECH-PC-10199" failures="0" tests="5" name="test.TestMethods" time="2.235" errors="0" timestamp="2024-08-02T11:45:15 BST" skipped="0">
  <testcase classname="test.TestMethods" name="Shopping" time="0.469"/>
  <system-out/>
  <testcase classname="test.TestMethods" name="AddingItems" time="0.235"/>
  <system-out/>
  <testcase classname="test.TestMethods" name="Cart" time="0.139"/>
  <system-out/>
  <testcase classname="test.TestMethods" name="checkout" time="1.121"/>
  <system-out/>
  <testcase classname="test.TestMethods" name="Finish" time="0.271"/>
  <system-out/>
</testsuite> <!-- test.TestMethods -->
