<?xml version="1.0" encoding="UTF-8"?>
<!-- Generated by org.testng.reporters.JUnitReportReporter -->
<testsuite hostname="AMALITECH-PC-10199" failures="0" tests="5" name="test.TestMethods" time="2.182" errors="0" timestamp="2024-08-02T12:04:53 BST" skipped="0">
  <testcase classname="test.TestMethods" name="Shopping" time="0.416"/>
  <system-out/>
  <testcase classname="test.TestMethods" name="AddingItems" time="0.290"/>
  <system-out/>
  <testcase classname="test.TestMethods" name="Cart" time="0.130"/>
  <system-out/>
  <testcase classname="test.TestMethods" name="checkout" time="1.074"/>
  <system-out/>
  <testcase classname="test.TestMethods" name="Finish" time="0.272"/>
  <system-out/>
</testsuite> <!-- test.TestMethods -->
